<?xml version="1.0" encoding="UTF-8"?>
<testng-results ignored="0" total="2" passed="2" failed="0" skipped="0">
  <reporter-output>
  </reporter-output>
  <suite started-at="2024-08-30T11:35:51 IST" name="Suite" finished-at="2024-08-30T11:36:10 IST" duration-ms="19364">
    <groups>
      <group name="Master">
        <method signature="Tc_001_UserRegistration.verify_details()[pri:0, instance:testCases.Tc_001_UserRegistration@12bd8a64]" name="verify_details" class="testCases.Tc_001_UserRegistration"/>
        <method signature="Tc_002_LoginTest.verify_login()[pri:0, instance:testCases.Tc_002_LoginTest@ebb6851]" name="verify_login" class="testCases.Tc_002_LoginTest"/>
      </group> <!-- Master -->
      <group name="Functional">
        <method signature="Tc_001_UserRegistration.verify_details()[pri:0, instance:testCases.Tc_001_UserRegistration@12bd8a64]" name="verify_details" class="testCases.Tc_001_UserRegistration"/>
      </group> <!-- Functional -->
      <group name="Smoke">
        <method signature="Tc_002_LoginTest.verify_login()[pri:0, instance:testCases.Tc_002_LoginTest@ebb6851]" name="verify_login" class="testCases.Tc_002_LoginTest"/>
      </group> <!-- Smoke -->
    </groups>
    <test started-at="2024-08-30T11:35:51 IST" name="Test" finished-at="2024-08-30T11:36:10 IST" duration-ms="19364">
      <class name="testCases.Tc_002_LoginTest">
        <test-method is-config="true" signature="setUp(java.lang.String,java.lang.String)[pri:0, instance:testCases.Tc_002_LoginTest@ebb6851]" started-at="2024-08-30T11:36:04 IST" name="setUp" finished-at="2024-08-30T11:36:08 IST" duration-ms="4021" status="PASS">
          <params>
            <param index="0">
              <value>
                <![CDATA[Windows]]>
              </value>
            </param>
            <param index="1">
              <value>
                <![CDATA[chrome]]>
              </value>
            </param>
          </params>
          <reporter-output>
          </reporter-output>
        </test-method> <!-- setUp -->
        <test-method signature="verify_login()[pri:0, instance:testCases.Tc_002_LoginTest@ebb6851]" started-at="2024-08-30T11:36:08 IST" name="verify_login" finished-at="2024-08-30T11:36:10 IST" duration-ms="1589" status="PASS">
          <reporter-output>
          </reporter-output>
        </test-method> <!-- verify_login -->
        <test-method is-config="true" signature="tearDown()[pri:0, instance:testCases.Tc_002_LoginTest@ebb6851]" started-at="2024-08-30T11:36:10 IST" name="tearDown" finished-at="2024-08-30T11:36:10 IST" duration-ms="154" status="PASS">
          <reporter-output>
          </reporter-output>
        </test-method> <!-- tearDown -->
      </class> <!-- testCases.Tc_002_LoginTest -->
      <class name="testCases.Tc_001_UserRegistration">
        <test-method is-config="true" signature="setUp(java.lang.String,java.lang.String)[pri:0, instance:testCases.Tc_001_UserRegistration@12bd8a64]" started-at="2024-08-30T11:35:51 IST" name="setUp" finished-at="2024-08-30T11:35:55 IST" duration-ms="4651" status="PASS">
          <params>
            <param index="0">
              <value>
                <![CDATA[Windows]]>
              </value>
            </param>
            <param index="1">
              <value>
                <![CDATA[chrome]]>
              </value>
            </param>
          </params>
          <reporter-output>
          </reporter-output>
        </test-method> <!-- setUp -->
        <test-method signature="verify_details()[pri:0, instance:testCases.Tc_001_UserRegistration@12bd8a64]" started-at="2024-08-30T11:35:56 IST" name="verify_details" finished-at="2024-08-30T11:36:04 IST" duration-ms="8545" status="PASS">
          <reporter-output>
          </reporter-output>
        </test-method> <!-- verify_details -->
        <test-method is-config="true" signature="tearDown()[pri:0, instance:testCases.Tc_001_UserRegistration@12bd8a64]" started-at="2024-08-30T11:36:04 IST" name="tearDown" finished-at="2024-08-30T11:36:04 IST" duration-ms="175" status="PASS">
          <reporter-output>
          </reporter-output>
        </test-method> <!-- tearDown -->
      </class> <!-- testCases.Tc_001_UserRegistration -->
    </test> <!-- Test -->
  </suite> <!-- Suite -->
</testng-results>
